TN:
SF:src/prueba.ts
FN:7,add
FNF:1
FNH:1
FNDA:1,add
DA:7,1
DA:8,1
LF:2
LH:2
BRF:0
BRH:0
end_of_record
TN:
SF:src/ejercicio/Nota.ts
FN:10,(anonymous_1)
FN:23,(anonymous_2)
FN:27,(anonymous_3)
FN:31,(anonymous_4)
FN:35,(anonymous_5)
FN:55,(anonymous_6)
FNF:6
FNH:6
FNDA:5,(anonymous_1)
FNDA:1,(anonymous_2)
FNDA:1,(anonymous_3)
FNDA:1,(anonymous_4)
FNDA:5,(anonymous_5)
FNDA:5,(anonymous_6)
DA:2,1
DA:8,1
DA:10,5
DA:12,5
DA:13,5
DA:14,5
DA:24,1
DA:28,1
DA:32,1
DA:36,5
DA:38,1
DA:39,1
DA:41,1
DA:42,1
DA:44,1
DA:45,1
DA:47,1
DA:48,1
DA:50,1
DA:51,1
DA:56,5
DA:58,1
DA:59,1
DA:61,1
DA:62,1
DA:64,1
DA:65,1
DA:67,1
DA:68,1
DA:70,1
DA:71,1
LF:31
LH:31
BRDA:36,0,0,1
BRDA:36,0,1,1
BRDA:36,0,2,1
BRDA:36,0,3,1
BRDA:36,0,4,1
BRDA:56,1,0,1
BRDA:56,1,1,1
BRDA:56,1,2,1
BRDA:56,1,3,1
BRDA:56,1,4,1
BRF:10
BRH:10
end_of_record
TN:
SF:src/ejercicio/OpcionesNota.ts
FN:11,(anonymous_6)
FN:18,(anonymous_7)
FN:20,(anonymous_8)
FN:51,(anonymous_9)
FN:76,(anonymous_10)
FN:94,(anonymous_11)
FNF:6
FNH:1
FNDA:1,(anonymous_6)
FNDA:0,(anonymous_7)
FNDA:0,(anonymous_8)
FNDA:0,(anonymous_9)
FNDA:0,(anonymous_10)
FNDA:0,(anonymous_11)
DA:3,1
DA:4,1
DA:10,1
DA:19,0
DA:20,0
DA:21,0
DA:22,0
DA:24,0
DA:25,0
DA:27,0
DA:28,0
DA:30,0
DA:31,0
DA:33,0
DA:34,0
DA:36,0
DA:37,0
DA:42,0
DA:52,0
DA:53,0
DA:55,0
DA:57,0
DA:58,0
DA:60,0
DA:61,0
DA:64,0
DA:65,0
DA:66,0
DA:67,0
DA:77,0
DA:79,0
DA:80,0
DA:81,0
DA:83,0
DA:95,0
DA:97,0
DA:98,0
DA:99,0
DA:101,0
LF:39
LH:3
BRDA:19,0,0,0
BRDA:19,0,1,0
BRDA:21,1,0,0
BRDA:21,1,1,0
BRDA:25,2,0,0
BRDA:25,2,1,0
BRDA:25,2,2,0
BRDA:25,2,3,0
BRDA:55,3,0,0
BRDA:55,3,1,0
BRDA:57,4,0,0
BRDA:57,4,1,0
BRDA:79,5,0,0
BRDA:79,5,1,0
BRDA:97,6,0,0
BRDA:97,6,1,0
BRF:16
BRH:0
end_of_record
